0 info it worked if it ends with ok
1 verbose cli [ '/usr/bin/node', '/usr/bin/npm', 'install', '-g', '@angular/cli' ]
2 info using npm@6.14.8
3 info using node@v12.20.0
4 verbose npm-session 755703f23cf30a23
5 silly install loadCurrentTree
6 silly install readGlobalPackageData
7 http fetch GET 200 https://registry.npmjs.org/@angular%2fcli 326ms
8 http fetch GET 200 https://registry.npmjs.org/@angular/cli/-/cli-11.0.2.tgz 98ms
9 silly pacote tag manifest for @angular/cli@latest fetched in 449ms
10 timing stage:loadCurrentTree Completed in 462ms
11 silly install loadIdealTree
12 silly install cloneCurrentTreeToIdealTree
13 timing stage:loadIdealTree:cloneCurrentTree Completed in 1ms
14 silly install loadShrinkwrap
15 timing stage:loadIdealTree:loadShrinkwrap Completed in 1ms
16 silly install loadAllDepsIntoIdealTree
17 silly resolveWithNewModule @angular/cli@11.0.2 checking installable status
18 http fetch GET 200 https://registry.npmjs.org/@angular-devkit%2farchitect 147ms
19 http fetch GET 200 https://registry.npmjs.org/ini 147ms
20 http fetch GET 200 https://registry.npmjs.org/inquirer 169ms
21 http fetch GET 200 https://registry.npmjs.org/debug 172ms
22 http fetch GET 200 https://registry.npmjs.org/ansi-colors 186ms
23 http fetch GET 200 https://registry.npmjs.org/ini/-/ini-1.3.5.tgz 50ms
24 silly pacote version manifest for ini@1.3.5 fetched in 200ms
25 silly resolveWithNewModule ini@1.3.5 checking installable status
26 http fetch GET 200 https://registry.npmjs.org/debug/-/debug-4.2.0.tgz 76ms
27 http fetch GET 200 https://registry.npmjs.org/inquirer/-/inquirer-7.3.3.tgz 80ms
28 http fetch GET 200 https://registry.npmjs.org/@angular-devkit/architect/-/architect-0.1100.2.tgz 113ms
29 http fetch GET 200 https://registry.npmjs.org/@angular-devkit%2fschematics 269ms
30 http fetch GET 200 https://registry.npmjs.org/ansi-colors/-/ansi-colors-4.1.1.tgz 71ms
31 http fetch GET 200 https://registry.npmjs.org/npm-package-arg 61ms
32 http fetch GET 200 https://registry.npmjs.org/@yarnpkg%2flockfile 289ms
33 silly pacote version manifest for debug@4.2.0 fetched in 291ms
34 warn deprecated debug@4.2.0: Debug versions >=3.2.0 <3.2.7 || >=4 <4.3.1 have a low-severity ReDos regression when used in a Node.js environment. It is recommended you upgrade to 3.2.7 or 4.3.1. (https://github.com/visionmedia/debug/issues/797)
35 silly resolveWithNewModule debug@4.2.0 checking installable status
36 silly pacote version manifest for inquirer@7.3.3 fetched in 292ms
37 silly resolveWithNewModule inquirer@7.3.3 checking installable status
38 silly pacote version manifest for @angular-devkit/architect@0.1100.2 fetched in 314ms
39 silly resolveWithNewModule @angular-devkit/architect@0.1100.2 checking installable status
40 silly pacote version manifest for ansi-colors@4.1.1 fetched in 298ms
41 silly resolveWithNewModule ansi-colors@4.1.1 checking installable status
42 http fetch GET 200 https://registry.npmjs.org/@angular-devkit%2fcore 315ms
43 http fetch GET 200 https://registry.npmjs.org/npm-package-arg/-/npm-package-arg-8.1.0.tgz 48ms
44 silly pacote version manifest for npm-package-arg@8.1.0 fetched in 135ms
45 silly resolveWithNewModule npm-package-arg@8.1.0 checking installable status
46 http fetch GET 200 https://registry.npmjs.org/open 60ms
47 http fetch GET 200 https://registry.npmjs.org/npm-pick-manifest 98ms
48 http fetch GET 200 https://registry.npmjs.org/@angular-devkit/schematics/-/schematics-11.0.2.tgz 128ms
49 http fetch GET 200 https://registry.npmjs.org/@angular-devkit/core/-/core-11.0.2.tgz 104ms
50 http fetch GET 200 https://registry.npmjs.org/@yarnpkg/lockfile/-/lockfile-1.1.0.tgz 113ms
51 http fetch GET 200 https://registry.npmjs.org/resolve 112ms
52 http fetch GET 200 https://registry.npmjs.org/pacote 112ms
53 http fetch GET 200 https://registry.npmjs.org/rimraf 76ms
54 http fetch GET 200 https://registry.npmjs.org/open/-/open-7.3.0.tgz 60ms
55 silly pacote version manifest for @angular-devkit/schematics@11.0.2 fetched in 436ms
56 silly resolveWithNewModule @angular-devkit/schematics@11.0.2 checking installable status
57 silly pacote version manifest for @angular-devkit/core@11.0.2 fetched in 438ms
58 silly resolveWithNewModule @angular-devkit/core@11.0.2 checking installable status
59 silly pacote version manifest for @yarnpkg/lockfile@1.1.0 fetched in 426ms
60 silly resolveWithNewModule @yarnpkg/lockfile@1.1.0 checking installable status
61 silly pacote version manifest for open@7.3.0 fetched in 132ms
62 silly resolveWithNewModule open@7.3.0 checking installable status
63 http fetch GET 200 https://registry.npmjs.org/npm-pick-manifest/-/npm-pick-manifest-6.1.0.tgz 49ms
64 silly pacote version manifest for npm-pick-manifest@6.1.0 fetched in 158ms
65 silly resolveWithNewModule npm-pick-manifest@6.1.0 checking installable status
66 http fetch GET 200 https://registry.npmjs.org/@schematics%2fangular 480ms
67 http fetch GET 200 https://registry.npmjs.org/pacote/-/pacote-9.5.12.tgz 75ms
68 http fetch GET 200 https://registry.npmjs.org/rimraf/-/rimraf-3.0.2.tgz 76ms
69 http fetch GET 200 https://registry.npmjs.org/symbol-observable 70ms
70 http fetch GET 200 https://registry.npmjs.org/resolve/-/resolve-1.18.1.tgz 81ms
71 http fetch GET 200 https://registry.npmjs.org/semver 77ms
72 http fetch GET 200 https://registry.npmjs.org/uuid 73ms
73 http fetch GET 200 https://registry.npmjs.org/universal-analytics 77ms
74 silly pacote version manifest for pacote@9.5.12 fetched in 205ms
75 silly resolveWithNewModule pacote@9.5.12 checking installable status
76 silly pacote version manifest for rimraf@3.0.2 fetched in 169ms
77 silly resolveWithNewModule rimraf@3.0.2 checking installable status
78 silly pacote version manifest for resolve@1.18.1 fetched in 209ms
79 silly resolveWithNewModule resolve@1.18.1 checking installable status
80 http fetch GET 200 https://registry.npmjs.org/@schematics%2fupdate 527ms
81 http fetch GET 200 https://registry.npmjs.org/symbol-observable/-/symbol-observable-2.0.3.tgz 80ms
82 http fetch GET 200 https://registry.npmjs.org/universal-analytics/-/universal-analytics-0.4.23.tgz 73ms
83 http fetch GET 200 https://registry.npmjs.org/semver/-/semver-7.3.2.tgz 78ms
84 http fetch GET 200 https://registry.npmjs.org/uuid/-/uuid-8.3.1.tgz 78ms
85 silly pacote version manifest for symbol-observable@2.0.3 fetched in 157ms
86 silly resolveWithNewModule symbol-observable@2.0.3 checking installable status
87 silly pacote version manifest for universal-analytics@0.4.23 fetched in 159ms
88 silly resolveWithNewModule universal-analytics@0.4.23 checking installable status
89 silly pacote version manifest for semver@7.3.2 fetched in 162ms
90 silly resolveWithNewModule semver@7.3.2 checking installable status
91 silly pacote version manifest for uuid@8.3.1 fetched in 157ms
92 silly resolveWithNewModule uuid@8.3.1 checking installable status
93 http fetch GET 200 https://registry.npmjs.org/@schematics/update/-/update-0.1100.2.tgz 66ms
94 silly pacote version manifest for @schematics/update@0.1100.2 fetched in 605ms
95 silly resolveWithNewModule @schematics/update@0.1100.2 checking installable status
96 http fetch GET 200 https://registry.npmjs.org/@schematics/angular/-/angular-11.0.2.tgz 263ms
97 silly pacote version manifest for @schematics/angular@11.0.2 fetched in 767ms
98 silly resolveWithNewModule @schematics/angular@11.0.2 checking installable status
99 http fetch GET 200 https://registry.npmjs.org/rxjs 61ms
100 http fetch GET 200 https://registry.npmjs.org/rxjs/-/rxjs-6.6.3.tgz 156ms
101 silly pacote version manifest for rxjs@6.6.3 fetched in 224ms
102 silly resolveWithNewModule rxjs@6.6.3 checking installable status
103 http fetch GET 200 https://registry.npmjs.org/source-map 47ms
104 http fetch GET 200 https://registry.npmjs.org/fast-json-stable-stringify 51ms
105 http fetch GET 200 https://registry.npmjs.org/magic-string 62ms
106 http fetch GET 200 https://registry.npmjs.org/fast-json-stable-stringify/-/fast-json-stable-stringify-2.1.0.tgz 56ms
107 http fetch GET 200 https://registry.npmjs.org/source-map/-/source-map-0.7.3.tgz 59ms
108 silly pacote version manifest for source-map@0.7.3 fetched in 119ms
109 silly resolveWithNewModule source-map@0.7.3 checking installable status
110 silly pacote version manifest for fast-json-stable-stringify@2.1.0 fetched in 120ms
111 silly resolveWithNewModule fast-json-stable-stringify@2.1.0 checking installable status
112 http fetch GET 200 https://registry.npmjs.org/magic-string/-/magic-string-0.25.7.tgz 55ms
113 silly pacote version manifest for magic-string@0.25.7 fetched in 124ms
114 silly resolveWithNewModule magic-string@0.25.7 checking installable status
115 http fetch GET 200 https://registry.npmjs.org/ajv 126ms
116 http fetch GET 200 https://registry.npmjs.org/ajv/-/ajv-6.12.6.tgz 60ms
117 silly pacote version manifest for ajv@6.12.6 fetched in 192ms
118 silly resolveWithNewModule ajv@6.12.6 checking installable status
119 http fetch GET 200 https://registry.npmjs.org/uri-js 56ms
120 http fetch GET 200 https://registry.npmjs.org/json-schema-traverse 57ms
121 http fetch GET 200 https://registry.npmjs.org/fast-deep-equal 60ms
122 http fetch GET 200 https://registry.npmjs.org/fast-deep-equal/-/fast-deep-equal-3.1.3.tgz 58ms
123 http fetch GET 200 https://registry.npmjs.org/uri-js/-/uri-js-4.4.0.tgz 63ms
124 silly pacote range manifest for fast-deep-equal@^3.1.1 fetched in 126ms
125 silly resolveWithNewModule fast-deep-equal@3.1.3 checking installable status
126 silly pacote range manifest for uri-js@^4.2.2 fetched in 127ms
127 silly resolveWithNewModule uri-js@4.4.0 checking installable status
128 http fetch GET 200 https://registry.npmjs.org/json-schema-traverse/-/json-schema-traverse-0.4.1.tgz 139ms
129 silly pacote range manifest for json-schema-traverse@^0.4.1 fetched in 200ms
130 silly resolveWithNewModule json-schema-traverse@0.4.1 checking installable status
131 http fetch GET 200 https://registry.npmjs.org/punycode 51ms
132 http fetch GET 200 https://registry.npmjs.org/punycode/-/punycode-2.1.1.tgz 76ms
133 silly pacote range manifest for punycode@^2.1.0 fetched in 132ms
134 silly resolveWithNewModule punycode@2.1.1 checking installable status
135 http fetch GET 200 https://registry.npmjs.org/sourcemap-codec 69ms
136 http fetch GET 200 https://registry.npmjs.org/sourcemap-codec/-/sourcemap-codec-1.4.8.tgz 52ms
137 silly pacote range manifest for sourcemap-codec@^1.4.4 fetched in 126ms
138 silly resolveWithNewModule sourcemap-codec@1.4.8 checking installable status
139 http fetch GET 200 https://registry.npmjs.org/tslib 48ms
140 http fetch GET 200 https://registry.npmjs.org/tslib/-/tslib-1.14.1.tgz 51ms
141 silly pacote range manifest for tslib@^1.9.0 fetched in 106ms
142 silly resolveWithNewModule tslib@1.14.1 checking installable status
143 http fetch GET 200 https://registry.npmjs.org/ora 74ms
144 http fetch GET 200 https://registry.npmjs.org/ora/-/ora-5.1.0.tgz 63ms
145 silly pacote version manifest for ora@5.1.0 fetched in 143ms
146 silly resolveWithNewModule ora@5.1.0 checking installable status
147 http fetch GET 200 https://registry.npmjs.org/wcwidth 67ms
148 http fetch GET 200 https://registry.npmjs.org/is-interactive 70ms
149 http fetch GET 200 https://registry.npmjs.org/cli-spinners 72ms
150 http fetch GET 200 https://registry.npmjs.org/mute-stream 78ms
151 http fetch GET 200 https://registry.npmjs.org/strip-ansi 80ms
152 http fetch GET 200 https://registry.npmjs.org/chalk 82ms
153 http fetch GET 200 https://registry.npmjs.org/cli-cursor 86ms
154 http fetch GET 200 https://registry.npmjs.org/log-symbols 87ms
155 http fetch GET 200 https://registry.npmjs.org/is-interactive/-/is-interactive-1.0.0.tgz 53ms
156 http fetch GET 200 https://registry.npmjs.org/wcwidth/-/wcwidth-1.0.1.tgz 66ms
157 silly pacote range manifest for is-interactive@^1.0.0 fetched in 140ms
158 silly resolveWithNewModule is-interactive@1.0.0 checking installable status
159 http fetch GET 200 https://registry.npmjs.org/cli-spinners/-/cli-spinners-2.5.0.tgz 61ms
160 http fetch GET 200 https://registry.npmjs.org/cli-cursor/-/cli-cursor-3.1.0.tgz 55ms
161 silly pacote range manifest for wcwidth@^1.0.1 fetched in 142ms
162 silly resolveWithNewModule wcwidth@1.0.1 checking installable status
163 http fetch GET 200 https://registry.npmjs.org/strip-ansi/-/strip-ansi-6.0.0.tgz 61ms
164 http fetch GET 200 https://registry.npmjs.org/mute-stream/-/mute-stream-0.0.8.tgz 62ms
165 http fetch GET 200 https://registry.npmjs.org/chalk/-/chalk-4.1.0.tgz 61ms
166 silly pacote range manifest for cli-spinners@^2.4.0 fetched in 146ms
167 silly resolveWithNewModule cli-spinners@2.5.0 checking installable status
168 silly pacote range manifest for cli-cursor@^3.1.0 fetched in 147ms
169 silly resolveWithNewModule cli-cursor@3.1.0 checking installable status
170 silly pacote range manifest for strip-ansi@^6.0.0 fetched in 146ms
171 silly resolveWithNewModule strip-ansi@6.0.0 checking installable status
172 silly pacote version manifest for mute-stream@0.0.8 fetched in 147ms
173 silly resolveWithNewModule mute-stream@0.0.8 checking installable status
174 silly pacote range manifest for chalk@^4.1.0 fetched in 149ms
175 silly resolveWithNewModule chalk@4.1.0 checking installable status
176 http fetch GET 200 https://registry.npmjs.org/log-symbols/-/log-symbols-4.0.0.tgz 71ms
177 silly pacote range manifest for log-symbols@^4.0.0 fetched in 163ms
178 silly resolveWithNewModule log-symbols@4.0.0 checking installable status
179 http fetch GET 200 https://registry.npmjs.org/ansi-styles 62ms
180 http fetch GET 200 https://registry.npmjs.org/supports-color 65ms
181 http fetch GET 200 https://registry.npmjs.org/supports-color/-/supports-color-7.2.0.tgz 52ms
182 silly pacote range manifest for supports-color@^7.1.0 fetched in 124ms
183 silly resolveWithNewModule supports-color@7.2.0 checking installable status
184 http fetch GET 200 https://registry.npmjs.org/ansi-styles/-/ansi-styles-4.3.0.tgz 72ms
185 silly pacote range manifest for ansi-styles@^4.1.0 fetched in 139ms
186 silly resolveWithNewModule ansi-styles@4.3.0 checking installable status
187 http fetch GET 200 https://registry.npmjs.org/color-convert 47ms
188 http fetch GET 200 https://registry.npmjs.org/color-convert/-/color-convert-2.0.1.tgz 50ms
189 silly pacote range manifest for color-convert@^2.0.1 fetched in 101ms
190 silly resolveWithNewModule color-convert@2.0.1 checking installable status
191 http fetch GET 200 https://registry.npmjs.org/color-name 59ms
192 http fetch GET 200 https://registry.npmjs.org/color-name/-/color-name-1.1.4.tgz 87ms
193 silly pacote range manifest for color-name@~1.1.4 fetched in 150ms
194 silly resolveWithNewModule color-name@1.1.4 checking installable status
195 http fetch GET 200 https://registry.npmjs.org/has-flag 55ms
196 http fetch GET 200 https://registry.npmjs.org/has-flag/-/has-flag-4.0.0.tgz 162ms
197 silly pacote range manifest for has-flag@^4.0.0 fetched in 220ms
198 silly resolveWithNewModule has-flag@4.0.0 checking installable status
199 http fetch GET 200 https://registry.npmjs.org/restore-cursor 65ms
200 http fetch GET 200 https://registry.npmjs.org/restore-cursor/-/restore-cursor-3.1.0.tgz 53ms
201 silly pacote range manifest for restore-cursor@^3.1.0 fetched in 125ms
202 silly resolveWithNewModule restore-cursor@3.1.0 checking installable status
203 http fetch GET 200 https://registry.npmjs.org/onetime 53ms
204 http fetch GET 200 https://registry.npmjs.org/signal-exit 57ms
205 http fetch GET 200 https://registry.npmjs.org/onetime/-/onetime-5.1.2.tgz 51ms
206 silly pacote range manifest for onetime@^5.1.0 fetched in 111ms
207 silly resolveWithNewModule onetime@5.1.2 checking installable status
208 http fetch GET 200 https://registry.npmjs.org/signal-exit/-/signal-exit-3.0.3.tgz 54ms
209 silly pacote range manifest for signal-exit@^3.0.2 fetched in 114ms
210 silly resolveWithNewModule signal-exit@3.0.3 checking installable status
211 http fetch GET 200 https://registry.npmjs.org/mimic-fn 69ms
212 http fetch GET 200 https://registry.npmjs.org/mimic-fn/-/mimic-fn-2.1.0.tgz 96ms
213 silly pacote range manifest for mimic-fn@^2.1.0 fetched in 169ms
214 silly resolveWithNewModule mimic-fn@2.1.0 checking installable status
215 http fetch GET 200 https://registry.npmjs.org/ansi-regex 54ms
216 http fetch GET 200 https://registry.npmjs.org/ansi-regex/-/ansi-regex-5.0.0.tgz 49ms
217 silly pacote range manifest for ansi-regex@^5.0.0 fetched in 111ms
218 silly resolveWithNewModule ansi-regex@5.0.0 checking installable status
219 http fetch GET 200 https://registry.npmjs.org/defaults 57ms
220 http fetch GET 200 https://registry.npmjs.org/defaults/-/defaults-1.0.3.tgz 56ms
221 silly pacote range manifest for defaults@^1.0.3 fetched in 117ms
222 silly resolveWithNewModule defaults@1.0.3 checking installable status
223 http fetch GET 200 https://registry.npmjs.org/clone 47ms
224 http fetch GET 200 https://registry.npmjs.org/clone/-/clone-1.0.4.tgz 49ms
225 silly pacote range manifest for clone@^1.0.2 fetched in 99ms
226 silly resolveWithNewModule clone@1.0.4 checking installable status
227 http fetch GET 200 https://registry.npmjs.org/jsonc-parser 412ms
228 http fetch GET 200 https://registry.npmjs.org/jsonc-parser/-/jsonc-parser-2.3.1.tgz 58ms
229 silly pacote version manifest for jsonc-parser@2.3.1 fetched in 474ms
230 silly resolveWithNewModule jsonc-parser@2.3.1 checking installable status
231 http fetch GET 200 https://registry.npmjs.org/semver-intersect 50ms
232 http fetch GET 200 https://registry.npmjs.org/semver-intersect/-/semver-intersect-1.4.0.tgz 61ms
233 silly pacote version manifest for semver-intersect@1.4.0 fetched in 116ms
234 silly resolveWithNewModule semver-intersect@1.4.0 checking installable status
235 http fetch GET 200 https://registry.npmjs.org/validate-npm-package-name 73ms
236 http fetch GET 200 https://registry.npmjs.org/hosted-git-info 77ms
237 http fetch GET 200 https://registry.npmjs.org/validate-npm-package-name/-/validate-npm-package-name-3.0.0.tgz 54ms
238 silly pacote range manifest for validate-npm-package-name@^3.0.0 fetched in 132ms
239 silly resolveWithNewModule validate-npm-package-name@3.0.0 checking installable status
240 http fetch GET 200 https://registry.npmjs.org/hosted-git-info/-/hosted-git-info-3.0.7.tgz 57ms
241 silly pacote range manifest for hosted-git-info@^3.0.6 fetched in 139ms
242 silly resolveWithNewModule hosted-git-info@3.0.7 checking installable status
243 http fetch GET 200 https://registry.npmjs.org/lru-cache 55ms
244 http fetch GET 200 https://registry.npmjs.org/lru-cache/-/lru-cache-6.0.0.tgz 48ms
245 silly pacote range manifest for lru-cache@^6.0.0 fetched in 108ms
246 silly resolveWithNewModule lru-cache@6.0.0 checking installable status
247 http fetch GET 200 https://registry.npmjs.org/yallist 46ms
248 http fetch GET 200 https://registry.npmjs.org/yallist/-/yallist-4.0.0.tgz 45ms
249 silly pacote range manifest for yallist@^4.0.0 fetched in 96ms
250 silly resolveWithNewModule yallist@4.0.0 checking installable status
251 http fetch GET 200 https://registry.npmjs.org/builtins 47ms
252 http fetch GET 200 https://registry.npmjs.org/builtins/-/builtins-1.0.3.tgz 52ms
253 silly pacote range manifest for builtins@^1.0.3 fetched in 102ms
254 silly resolveWithNewModule builtins@1.0.3 checking installable status
255 http fetch GET 200 https://registry.npmjs.org/cacache 65ms
256 http fetch GET 200 https://registry.npmjs.org/chownr 66ms
257 http fetch GET 200 https://registry.npmjs.org/glob 66ms
258 http fetch GET 200 https://registry.npmjs.org/infer-owner 67ms
259 http fetch GET 200 https://registry.npmjs.org/minimatch 68ms
260 http fetch GET 200 https://registry.npmjs.org/figgy-pudding 74ms
261 http fetch GET 200 https://registry.npmjs.org/get-stream 76ms
262 http fetch GET 200 https://registry.npmjs.org/bluebird 80ms
263 http fetch GET 200 https://registry.npmjs.org/make-fetch-happen 82ms
264 http fetch GET 200 https://registry.npmjs.org/lru-cache/-/lru-cache-5.1.1.tgz 73ms
265 silly pacote range manifest for lru-cache@^5.1.1 fetched in 90ms
266 silly resolveWithNewModule lru-cache@5.1.1 checking installable status
267 http fetch GET 200 https://registry.npmjs.org/cacache/-/cacache-12.0.4.tgz 55ms
268 silly pacote range manifest for cacache@^12.0.2 fetched in 139ms
269 silly resolveWithNewModule cacache@12.0.4 checking installable status
270 http fetch GET 200 https://registry.npmjs.org/infer-owner/-/infer-owner-1.0.4.tgz 68ms
271 http fetch GET 200 https://registry.npmjs.org/minimatch/-/minimatch-3.0.4.tgz 66ms
272 http fetch GET 200 https://registry.npmjs.org/chownr/-/chownr-1.1.4.tgz 71ms
273 http fetch GET 200 https://registry.npmjs.org/glob/-/glob-7.1.6.tgz 71ms
274 http fetch GET 200 https://registry.npmjs.org/make-fetch-happen/-/make-fetch-happen-5.0.2.tgz 56ms
275 http fetch GET 200 https://registry.npmjs.org/figgy-pudding/-/figgy-pudding-3.5.2.tgz 66ms
276 http fetch GET 200 https://registry.npmjs.org/get-stream/-/get-stream-4.1.0.tgz 66ms
277 http fetch GET 200 https://registry.npmjs.org/bluebird/-/bluebird-3.7.2.tgz 64ms
278 silly pacote range manifest for infer-owner@^1.0.4 fetched in 149ms
279 silly resolveWithNewModule infer-owner@1.0.4 checking installable status
280 silly pacote range manifest for minimatch@^3.0.4 fetched in 150ms
281 silly resolveWithNewModule minimatch@3.0.4 checking installable status
282 silly pacote range manifest for glob@^7.1.3 fetched in 152ms
283 silly resolveWithNewModule glob@7.1.6 checking installable status
284 silly pacote range manifest for chownr@^1.1.2 fetched in 155ms
285 silly resolveWithNewModule chownr@1.1.4 checking installable status
286 silly pacote range manifest for make-fetch-happen@^5.0.0 fetched in 154ms
287 silly resolveWithNewModule make-fetch-happen@5.0.2 checking installable status
288 silly pacote range manifest for figgy-pudding@^3.5.1 fetched in 157ms
289 silly resolveWithNewModule figgy-pudding@3.5.2 checking installable status
290 silly pacote range manifest for get-stream@^4.1.0 fetched in 157ms
291 silly resolveWithNewModule get-stream@4.1.0 checking installable status
292 silly pacote range manifest for bluebird@^3.5.3 fetched in 163ms
293 silly resolveWithNewModule bluebird@3.7.2 checking installable status
294 http fetch GET 200 https://registry.npmjs.org/minipass 72ms
295 http fetch GET 200 https://registry.npmjs.org/mississippi 49ms
296 http fetch GET 200 https://registry.npmjs.org/npm-normalize-package-bin 52ms
297 http fetch GET 200 https://registry.npmjs.org/mkdirp 59ms
298 http fetch GET 200 https://registry.npmjs.org/npm-pick-manifest/-/npm-pick-manifest-3.0.2.tgz 51ms
299 http fetch GET 200 https://registry.npmjs.org/npm-registry-fetch 54ms
300 http fetch GET 200 https://registry.npmjs.org/npm-package-arg/-/npm-package-arg-6.1.1.tgz 56ms
301 http fetch GET 200 https://registry.npmjs.org/osenv 60ms
302 http fetch GET 200 https://registry.npmjs.org/minipass/-/minipass-2.9.0.tgz 58ms
303 silly pacote range manifest for npm-pick-manifest@^3.0.0 fetched in 68ms
304 silly resolveWithNewModule npm-pick-manifest@3.0.2 checking installable status
305 silly pacote range manifest for npm-package-arg@^6.1.0 fetched in 72ms
306 silly resolveWithNewModule npm-package-arg@6.1.1 checking installable status
307 http fetch GET 200 https://registry.npmjs.org/normalize-package-data 76ms
308 silly pacote range manifest for minipass@^2.3.5 fetched in 140ms
309 silly resolveWithNewModule minipass@2.9.0 checking installable status
310 http fetch GET 200 https://registry.npmjs.org/npm-packlist 77ms
311 http fetch GET 200 https://registry.npmjs.org/mkdirp/-/mkdirp-0.5.5.tgz 44ms
312 silly pacote range manifest for mkdirp@^0.5.1 fetched in 108ms
313 silly resolveWithNewModule mkdirp@0.5.5 checking installable status
314 http fetch GET 200 https://registry.npmjs.org/mississippi/-/mississippi-3.0.0.tgz 72ms
315 silly pacote range manifest for mississippi@^3.0.0 fetched in 128ms
316 silly resolveWithNewModule mississippi@3.0.0 checking installable status
317 http fetch GET 200 https://registry.npmjs.org/npm-normalize-package-bin/-/npm-normalize-package-bin-1.0.1.tgz 64ms
318 http fetch GET 200 https://registry.npmjs.org/npm-registry-fetch/-/npm-registry-fetch-4.0.7.tgz 55ms
319 http fetch GET 200 https://registry.npmjs.org/promise-inflight 47ms
320 http fetch GET 200 https://registry.npmjs.org/osenv/-/osenv-0.1.5.tgz 50ms
321 silly pacote range manifest for npm-registry-fetch@^4.0.0 fetched in 125ms
322 silly resolveWithNewModule npm-registry-fetch@4.0.7 checking installable status
323 silly pacote range manifest for npm-normalize-package-bin@^1.0.0 fetched in 135ms
324 silly resolveWithNewModule npm-normalize-package-bin@1.0.1 checking installable status
325 silly pacote range manifest for osenv@^0.1.5 fetched in 130ms
326 silly resolveWithNewModule osenv@0.1.5 checking installable status
327 http fetch GET 200 https://registry.npmjs.org/npm-packlist/-/npm-packlist-1.4.8.tgz 57ms
328 http fetch GET 200 https://registry.npmjs.org/normalize-package-data/-/normalize-package-data-2.5.0.tgz 65ms
329 http fetch GET 200 https://registry.npmjs.org/promise-retry 68ms
330 http fetch GET 200 https://registry.npmjs.org/protoduck 65ms
331 silly pacote range manifest for normalize-package-data@^2.4.0 fetched in 148ms
332 silly resolveWithNewModule normalize-package-data@2.5.0 checking installable status
333 silly pacote range manifest for npm-packlist@^1.1.12 fetched in 146ms
334 silly resolveWithNewModule npm-packlist@1.4.8 checking installable status
335 http fetch GET 200 https://registry.npmjs.org/rimraf/-/rimraf-2.7.1.tgz 44ms
336 silly pacote range manifest for rimraf@^2.6.2 fetched in 46ms
337 silly resolveWithNewModule rimraf@2.7.1 checking installable status
338 http fetch GET 200 https://registry.npmjs.org/safe-buffer 48ms
339 http fetch GET 200 https://registry.npmjs.org/promise-inflight/-/promise-inflight-1.0.1.tgz 43ms
340 silly pacote range manifest for promise-inflight@^1.0.1 fetched in 94ms
341 silly resolveWithNewModule promise-inflight@1.0.1 checking installable status
342 http fetch GET 200 https://registry.npmjs.org/semver/-/semver-5.7.1.tgz 61ms
343 http fetch GET 200 https://registry.npmjs.org/ssri 60ms
344 http fetch GET 200 https://registry.npmjs.org/promise-retry/-/promise-retry-1.1.1.tgz 55ms
345 http fetch GET 200 https://registry.npmjs.org/tar 61ms
346 http fetch GET 200 https://registry.npmjs.org/protoduck/-/protoduck-5.0.1.tgz 61ms
347 silly pacote range manifest for semver@^5.6.0 fetched in 76ms
348 silly resolveWithNewModule semver@5.7.1 checking installable status
349 silly pacote range manifest for promise-retry@^1.1.1 fetched in 133ms
350 silly resolveWithNewModule promise-retry@1.1.1 checking installable status
351 http fetch GET 200 https://registry.npmjs.org/unique-filename 60ms
352 http fetch GET 200 https://registry.npmjs.org/which 61ms
353 silly pacote range manifest for protoduck@^5.0.1 fetched in 133ms
354 silly resolveWithNewModule protoduck@5.0.1 checking installable status
355 http fetch GET 200 https://registry.npmjs.org/safe-buffer/-/safe-buffer-5.2.1.tgz 48ms
356 silly pacote range manifest for safe-buffer@^5.1.2 fetched in 98ms
357 silly resolveWithNewModule safe-buffer@5.2.1 checking installable status
358 http fetch GET 200 https://registry.npmjs.org/tar/-/tar-4.4.13.tgz 60ms
359 http fetch GET 200 https://registry.npmjs.org/ssri/-/ssri-6.0.1.tgz 67ms
360 http fetch GET 200 https://registry.npmjs.org/which/-/which-1.3.1.tgz 54ms
361 http fetch GET 200 https://registry.npmjs.org/unique-filename/-/unique-filename-1.1.1.tgz 58ms
362 silly pacote range manifest for tar@^4.4.10 fetched in 132ms
363 silly resolveWithNewModule tar@4.4.13 checking installable status
364 silly pacote range manifest for ssri@^6.0.1 fetched in 136ms
365 silly resolveWithNewModule ssri@6.0.1 checking installable status
366 silly pacote range manifest for which@^1.3.1 fetched in 122ms
367 silly resolveWithNewModule which@1.3.1 checking installable status
368 silly pacote range manifest for unique-filename@^1.1.1 fetched in 124ms
369 silly resolveWithNewModule unique-filename@1.1.1 checking installable status
370 silly pacote range manifest for lru-cache@^5.1.1 fetched in 3ms
371 silly resolveWithNewModule lru-cache@5.1.1 checking installable status
372 silly pacote range manifest for rimraf@^2.6.3 fetched in 4ms
373 silly resolveWithNewModule rimraf@2.7.1 checking installable status
374 http fetch GET 200 https://registry.npmjs.org/move-concurrently 48ms
375 http fetch GET 200 https://registry.npmjs.org/graceful-fs 64ms
376 http fetch GET 200 https://registry.npmjs.org/y18n 76ms
377 http fetch GET 200 https://registry.npmjs.org/move-concurrently/-/move-concurrently-1.0.1.tgz 60ms
378 silly pacote range manifest for move-concurrently@^1.0.1 fetched in 115ms
379 silly resolveWithNewModule move-concurrently@1.0.1 checking installable status
380 http fetch GET 200 https://registry.npmjs.org/graceful-fs/-/graceful-fs-4.2.4.tgz 53ms
381 silly pacote range manifest for graceful-fs@^4.1.15 fetched in 120ms
382 silly resolveWithNewModule graceful-fs@4.2.4 checking installable status
383 http fetch GET 200 https://registry.npmjs.org/y18n/-/y18n-4.0.0.tgz 45ms
384 silly pacote range manifest for y18n@^4.0.0 fetched in 124ms
385 silly resolveWithNewModule y18n@4.0.0 checking installable status
386 http fetch GET 200 https://registry.npmjs.org/path-is-absolute 48ms
387 http fetch GET 200 https://registry.npmjs.org/inflight 50ms
388 http fetch GET 200 https://registry.npmjs.org/inherits 52ms
389 http fetch GET 200 https://registry.npmjs.org/fs.realpath 54ms
390 http fetch GET 200 https://registry.npmjs.org/once 57ms
391 http fetch GET 200 https://registry.npmjs.org/once/-/once-1.4.0.tgz 53ms
392 http fetch GET 200 https://registry.npmjs.org/inflight/-/inflight-1.0.6.tgz 61ms
393 http fetch GET 200 https://registry.npmjs.org/fs.realpath/-/fs.realpath-1.0.0.tgz 58ms
394 http fetch GET 200 https://registry.npmjs.org/path-is-absolute/-/path-is-absolute-1.0.1.tgz 62ms
395 silly pacote range manifest for once@^1.3.0 fetched in 120ms
396 silly resolveWithNewModule once@1.4.0 checking installable status
397 silly pacote range manifest for fs.realpath@^1.0.0 fetched in 121ms
398 silly resolveWithNewModule fs.realpath@1.0.0 checking installable status
399 silly pacote range manifest for inflight@^1.0.4 fetched in 122ms
400 silly resolveWithNewModule inflight@1.0.6 checking installable status
401 silly pacote range manifest for path-is-absolute@^1.0.0 fetched in 122ms
402 silly resolveWithNewModule path-is-absolute@1.0.1 checking installable status
403 http fetch GET 200 https://registry.npmjs.org/inherits/-/inherits-2.0.4.tgz 69ms
404 silly pacote range manifest for inherits@2 fetched in 125ms
405 silly resolveWithNewModule inherits@2.0.4 checking installable status
406 http fetch GET 200 https://registry.npmjs.org/wrappy 46ms
407 http fetch GET 200 https://registry.npmjs.org/wrappy/-/wrappy-1.0.2.tgz 52ms
408 silly pacote range manifest for wrappy@1 fetched in 101ms
409 silly resolveWithNewModule wrappy@1.0.2 checking installable status
410 http fetch GET 200 https://registry.npmjs.org/brace-expansion 44ms
411 http fetch GET 200 https://registry.npmjs.org/brace-expansion/-/brace-expansion-1.1.11.tgz 79ms
412 silly pacote range manifest for brace-expansion@^1.1.7 fetched in 128ms
413 silly resolveWithNewModule brace-expansion@1.1.11 checking installable status
414 http fetch GET 200 https://registry.npmjs.org/balanced-match 54ms
415 http fetch GET 200 https://registry.npmjs.org/concat-map 54ms
416 http fetch GET 200 https://registry.npmjs.org/concat-map/-/concat-map-0.0.1.tgz 46ms
417 silly pacote version manifest for concat-map@0.0.1 fetched in 104ms
418 silly resolveWithNewModule concat-map@0.0.1 checking installable status
419 http fetch GET 200 https://registry.npmjs.org/balanced-match/-/balanced-match-1.0.0.tgz 52ms
420 silly pacote range manifest for balanced-match@^1.0.0 fetched in 109ms
421 silly resolveWithNewModule balanced-match@1.0.0 checking installable status
422 http fetch GET 200 https://registry.npmjs.org/yallist/-/yallist-3.1.1.tgz 49ms
423 silly pacote range manifest for yallist@^3.0.2 fetched in 54ms
424 silly resolveWithNewModule yallist@3.1.1 checking installable status
425 http fetch GET 200 https://registry.npmjs.org/from2 66ms
426 http fetch GET 200 https://registry.npmjs.org/duplexify 67ms
427 http fetch GET 200 https://registry.npmjs.org/stream-each 65ms
428 http fetch GET 200 https://registry.npmjs.org/pump 65ms
429 http fetch GET 200 https://registry.npmjs.org/through2 65ms
430 http fetch GET 200 https://registry.npmjs.org/pumpify 69ms
431 http fetch GET 200 https://registry.npmjs.org/end-of-stream 74ms
432 http fetch GET 200 https://registry.npmjs.org/concat-stream 75ms
433 http fetch GET 200 https://registry.npmjs.org/flush-write-stream 74ms
434 http fetch GET 200 https://registry.npmjs.org/parallel-transform 73ms
435 http fetch GET 200 https://registry.npmjs.org/duplexify/-/duplexify-3.7.1.tgz 49ms
436 http fetch GET 200 https://registry.npmjs.org/through2/-/through2-2.0.5.tgz 60ms
437 silly pacote range manifest for duplexify@^3.4.2 fetched in 134ms
438 silly resolveWithNewModule duplexify@3.7.1 checking installable status
439 http fetch GET 200 https://registry.npmjs.org/concat-stream/-/concat-stream-1.6.2.tgz 58ms
440 http fetch GET 200 https://registry.npmjs.org/stream-each/-/stream-each-1.2.3.tgz 65ms
441 http fetch GET 200 https://registry.npmjs.org/flush-write-stream/-/flush-write-stream-1.1.1.tgz 59ms
442 http fetch GET 200 https://registry.npmjs.org/pump/-/pump-3.0.0.tgz 66ms
443 http fetch GET 200 https://registry.npmjs.org/parallel-transform/-/parallel-transform-1.2.0.tgz 60ms
444 http fetch GET 200 https://registry.npmjs.org/from2/-/from2-2.3.0.tgz 67ms
445 http fetch GET 200 https://registry.npmjs.org/pumpify/-/pumpify-1.5.1.tgz 63ms
446 silly pacote range manifest for through2@^2.0.0 fetched in 135ms
447 silly resolveWithNewModule through2@2.0.5 checking installable status
448 silly pacote range manifest for concat-stream@^1.5.0 fetched in 141ms
449 silly resolveWithNewModule concat-stream@1.6.2 checking installable status
450 silly pacote range manifest for stream-each@^1.1.0 fetched in 139ms
451 silly resolveWithNewModule stream-each@1.2.3 checking installable status
452 silly pacote range manifest for flush-write-stream@^1.0.0 fetched in 141ms
453 silly resolveWithNewModule flush-write-stream@1.1.1 checking installable status
454 silly pacote range manifest for pump@^3.0.0 fetched in 139ms
455 silly resolveWithNewModule pump@3.0.0 checking installable status
456 silly pacote range manifest for parallel-transform@^1.1.0 fetched in 141ms
457 silly resolveWithNewModule parallel-transform@1.2.0 checking installable status
458 silly pacote range manifest for from2@^2.1.0 fetched in 141ms
459 silly resolveWithNewModule from2@2.3.0 checking installable status
460 silly pacote range manifest for pumpify@^1.3.3 fetched in 141ms
461 silly resolveWithNewModule pumpify@1.5.1 checking installable status
462 http fetch GET 200 https://registry.npmjs.org/end-of-stream/-/end-of-stream-1.4.4.tgz 79ms
463 silly pacote range manifest for end-of-stream@^1.1.0 fetched in 156ms
464 silly resolveWithNewModule end-of-stream@1.4.4 checking installable status
465 http fetch GET 200 https://registry.npmjs.org/buffer-from 45ms
466 http fetch GET 200 https://registry.npmjs.org/readable-stream 51ms
467 http fetch GET 200 https://registry.npmjs.org/typedarray 54ms
468 http fetch GET 200 https://registry.npmjs.org/readable-stream/-/readable-stream-2.3.7.tgz 52ms
469 http fetch GET 200 https://registry.npmjs.org/buffer-from/-/buffer-from-1.1.1.tgz 62ms
470 http fetch GET 200 https://registry.npmjs.org/typedarray/-/typedarray-0.0.6.tgz 53ms
471 silly pacote range manifest for readable-stream@^2.2.2 fetched in 112ms
472 silly resolveWithNewModule readable-stream@2.3.7 checking installable status
473 silly pacote range manifest for buffer-from@^1.0.0 fetched in 113ms
474 silly resolveWithNewModule buffer-from@1.1.1 checking installable status
475 silly pacote range manifest for typedarray@^0.0.6 fetched in 113ms
476 silly resolveWithNewModule typedarray@0.0.6 checking installable status
477 http fetch GET 200 https://registry.npmjs.org/core-util-is 50ms
478 http fetch GET 200 https://registry.npmjs.org/util-deprecate 51ms
479 http fetch GET 200 https://registry.npmjs.org/process-nextick-args 60ms
480 http fetch GET 200 https://registry.npmjs.org/isarray 61ms
481 http fetch GET 200 https://registry.npmjs.org/safe-buffer/-/safe-buffer-5.1.2.tgz 64ms
482 silly pacote range manifest for safe-buffer@~5.1.1 fetched in 69ms
483 silly resolveWithNewModule safe-buffer@5.1.2 checking installable status
484 http fetch GET 200 https://registry.npmjs.org/string_decoder 78ms
485 http fetch GET 200 https://registry.npmjs.org/core-util-is/-/core-util-is-1.0.2.tgz 57ms
486 http fetch GET 200 https://registry.npmjs.org/process-nextick-args/-/process-nextick-args-2.0.1.tgz 53ms
487 http fetch GET 200 https://registry.npmjs.org/isarray/-/isarray-1.0.0.tgz 53ms
488 http fetch GET 200 https://registry.npmjs.org/util-deprecate/-/util-deprecate-1.0.2.tgz 58ms
489 silly pacote range manifest for core-util-is@~1.0.0 fetched in 119ms
490 silly resolveWithNewModule core-util-is@1.0.2 checking installable status
491 silly pacote range manifest for isarray@~1.0.0 fetched in 119ms
492 silly resolveWithNewModule isarray@1.0.0 checking installable status
493 silly pacote range manifest for process-nextick-args@~2.0.0 fetched in 120ms
494 silly resolveWithNewModule process-nextick-args@2.0.1 checking installable status
495 silly pacote range manifest for util-deprecate@~1.0.1 fetched in 120ms
496 silly resolveWithNewModule util-deprecate@1.0.2 checking installable status
497 http fetch GET 200 https://registry.npmjs.org/string_decoder/-/string_decoder-1.1.1.tgz 43ms
498 silly pacote range manifest for string_decoder@~1.1.1 fetched in 125ms
499 silly resolveWithNewModule string_decoder@1.1.1 checking installable status
500 silly pacote range manifest for safe-buffer@~5.1.0 fetched in 0ms
501 silly resolveWithNewModule safe-buffer@5.1.2 checking installable status
502 http fetch GET 200 https://registry.npmjs.org/stream-shift 49ms
503 http fetch GET 200 https://registry.npmjs.org/stream-shift/-/stream-shift-1.0.1.tgz 52ms
504 silly pacote range manifest for stream-shift@^1.0.0 fetched in 105ms
505 silly resolveWithNewModule stream-shift@1.0.1 checking installable status
506 http fetch GET 200 https://registry.npmjs.org/cyclist 56ms
507 http fetch GET 200 https://registry.npmjs.org/cyclist/-/cyclist-1.0.1.tgz 51ms
508 silly pacote range manifest for cyclist@^1.0.1 fetched in 110ms
509 silly resolveWithNewModule cyclist@1.0.1 checking installable status
510 http fetch GET 200 https://registry.npmjs.org/pump/-/pump-2.0.1.tgz 54ms
511 silly pacote range manifest for pump@^2.0.0 fetched in 60ms
512 silly resolveWithNewModule pump@2.0.1 checking installable status
513 http fetch GET 200 https://registry.npmjs.org/xtend 49ms
514 http fetch GET 200 https://registry.npmjs.org/xtend/-/xtend-4.0.2.tgz 48ms
515 silly pacote range manifest for xtend@~4.0.1 fetched in 101ms
516 silly resolveWithNewModule xtend@4.0.2 checking installable status
517 http fetch GET 200 https://registry.npmjs.org/minimist 49ms
518 http fetch GET 200 https://registry.npmjs.org/minimist/-/minimist-1.2.5.tgz 55ms
519 silly pacote range manifest for minimist@^1.2.5 fetched in 107ms
520 silly resolveWithNewModule minimist@1.2.5 checking installable status
521 silly pacote range manifest for rimraf@^2.5.4 fetched in 3ms
522 silly resolveWithNewModule rimraf@2.7.1 checking installable status
523 http fetch GET 200 https://registry.npmjs.org/copy-concurrently 45ms
524 http fetch GET 200 https://registry.npmjs.org/fs-write-stream-atomic 54ms
525 http fetch GET 200 https://registry.npmjs.org/run-queue 55ms
526 http fetch GET 200 https://registry.npmjs.org/aproba 59ms
527 http fetch GET 200 https://registry.npmjs.org/copy-concurrently/-/copy-concurrently-1.0.5.tgz 43ms
528 silly pacote range manifest for copy-concurrently@^1.0.0 fetched in 95ms
529 silly resolveWithNewModule copy-concurrently@1.0.5 checking installable status
530 http fetch GET 200 https://registry.npmjs.org/aproba/-/aproba-1.2.0.tgz 52ms
531 http fetch GET 200 https://registry.npmjs.org/run-queue/-/run-queue-1.0.3.tgz 56ms
532 silly pacote range manifest for aproba@^1.1.1 fetched in 120ms
533 silly resolveWithNewModule aproba@1.2.0 checking installable status
534 silly pacote range manifest for run-queue@^1.0.3 fetched in 121ms
535 silly resolveWithNewModule run-queue@1.0.3 checking installable status
536 http fetch GET 200 https://registry.npmjs.org/fs-write-stream-atomic/-/fs-write-stream-atomic-1.0.10.tgz 66ms
537 silly pacote range manifest for fs-write-stream-atomic@^1.0.8 fetched in 124ms
538 silly resolveWithNewModule fs-write-stream-atomic@1.0.10 checking installable status
539 silly pacote range manifest for rimraf@^2.5.4 fetched in 2ms
540 silly resolveWithNewModule rimraf@2.7.1 checking installable status
541 http fetch GET 200 https://registry.npmjs.org/iferr 47ms
542 http fetch GET 200 https://registry.npmjs.org/iferr/-/iferr-0.1.5.tgz 81ms
543 silly pacote range manifest for iferr@^0.1.5 fetched in 141ms
544 silly resolveWithNewModule iferr@0.1.5 checking installable status
545 http fetch GET 200 https://registry.npmjs.org/imurmurhash 47ms
546 http fetch GET 200 https://registry.npmjs.org/imurmurhash/-/imurmurhash-0.1.4.tgz 50ms
547 silly pacote range manifest for imurmurhash@^0.1.4 fetched in 99ms
548 silly resolveWithNewModule imurmurhash@0.1.4 checking installable status
549 http fetch GET 200 https://registry.npmjs.org/unique-slug 44ms
550 http fetch GET 200 https://registry.npmjs.org/unique-slug/-/unique-slug-2.0.2.tgz 51ms
551 silly pacote range manifest for unique-slug@^2.0.0 fetched in 99ms
552 silly resolveWithNewModule unique-slug@2.0.2 checking installable status
553 silly pacote range manifest for yallist@^3.0.2 fetched in 1ms
554 silly resolveWithNewModule yallist@3.1.1 checking installable status
555 silly pacote range manifest for lru-cache@^5.1.1 fetched in 4ms
556 silly resolveWithNewModule lru-cache@5.1.1 checking installable status
557 http fetch GET 200 https://registry.npmjs.org/node-fetch-npm 49ms
558 http fetch GET 200 https://registry.npmjs.org/http-cache-semantics 57ms
559 http fetch GET 200 https://registry.npmjs.org/https-proxy-agent 61ms
560 http fetch GET 200 https://registry.npmjs.org/node-fetch-npm/-/node-fetch-npm-2.0.4.tgz 54ms
561 http fetch GET 200 https://registry.npmjs.org/agentkeepalive 110ms
562 http fetch GET 200 https://registry.npmjs.org/socks-proxy-agent 110ms
563 http fetch GET 200 https://registry.npmjs.org/http-proxy-agent 111ms
564 silly pacote range manifest for node-fetch-npm@^2.0.2 fetched in 119ms
565 silly resolveWithNewModule node-fetch-npm@2.0.4 checking installable status
566 http fetch GET 200 https://registry.npmjs.org/http-cache-semantics/-/http-cache-semantics-3.8.1.tgz 63ms
567 http fetch GET 200 https://registry.npmjs.org/https-proxy-agent/-/https-proxy-agent-2.2.4.tgz 58ms
568 silly pacote range manifest for http-cache-semantics@^3.8.1 fetched in 123ms
569 silly resolveWithNewModule http-cache-semantics@3.8.1 checking installable status
570 silly pacote range manifest for https-proxy-agent@^2.2.3 fetched in 122ms
571 silly resolveWithNewModule https-proxy-agent@2.2.4 checking installable status
572 http fetch GET 200 https://registry.npmjs.org/socks-proxy-agent/-/socks-proxy-agent-4.0.2.tgz 64ms
573 http fetch GET 200 https://registry.npmjs.org/agentkeepalive/-/agentkeepalive-3.5.2.tgz 65ms
574 http fetch GET 200 https://registry.npmjs.org/http-proxy-agent/-/http-proxy-agent-2.1.0.tgz 66ms
575 silly pacote range manifest for socks-proxy-agent@^4.0.0 fetched in 184ms
576 silly resolveWithNewModule socks-proxy-agent@4.0.2 checking installable status
577 silly pacote range manifest for http-proxy-agent@^2.1.0 fetched in 184ms
578 silly resolveWithNewModule http-proxy-agent@2.1.0 checking installable status
579 silly pacote range manifest for agentkeepalive@^3.4.1 fetched in 186ms
580 silly resolveWithNewModule agentkeepalive@3.5.2 checking installable status
581 http fetch GET 200 https://registry.npmjs.org/humanize-ms 48ms
582 http fetch GET 200 https://registry.npmjs.org/humanize-ms/-/humanize-ms-1.2.1.tgz 48ms
583 silly pacote range manifest for humanize-ms@^1.2.1 fetched in 102ms
584 silly resolveWithNewModule humanize-ms@1.2.1 checking installable status
585 http fetch GET 200 https://registry.npmjs.org/ms 42ms
586 http fetch GET 200 https://registry.npmjs.org/ms/-/ms-2.1.2.tgz 48ms
587 silly pacote range manifest for ms@^2.0.0 fetched in 93ms
588 silly resolveWithNewModule ms@2.1.2 checking installable status
589 http fetch GET 200 https://registry.npmjs.org/agent-base 51ms
590 http fetch GET 200 https://registry.npmjs.org/debug/-/debug-3.1.0.tgz 66ms
591 silly pacote version manifest for debug@3.1.0 fetched in 70ms
592 silly resolveWithNewModule debug@3.1.0 checking installable status
593 http fetch GET 200 https://registry.npmjs.org/agent-base/-/agent-base-4.3.0.tgz 60ms
594 silly pacote range manifest for agent-base@4 fetched in 116ms
595 silly resolveWithNewModule agent-base@4.3.0 checking installable status
596 http fetch GET 200 https://registry.npmjs.org/es6-promisify 46ms
597 http fetch GET 200 https://registry.npmjs.org/es6-promisify/-/es6-promisify-5.0.0.tgz 46ms
598 silly pacote range manifest for es6-promisify@^5.0.0 fetched in 97ms
599 silly resolveWithNewModule es6-promisify@5.0.0 checking installable status
600 http fetch GET 200 https://registry.npmjs.org/es6-promise 57ms
601 http fetch GET 200 https://registry.npmjs.org/es6-promise/-/es6-promise-4.2.8.tgz 58ms
602 silly pacote range manifest for es6-promise@^4.0.3 fetched in 119ms
603 silly resolveWithNewModule es6-promise@4.2.8 checking installable status
604 http fetch GET 200 https://registry.npmjs.org/ms/-/ms-2.0.0.tgz 71ms
605 silly pacote version manifest for ms@2.0.0 fetched in 74ms
606 silly resolveWithNewModule ms@2.0.0 checking installable status
607 http fetch GET 200 https://registry.npmjs.org/debug/-/debug-3.2.7.tgz 49ms
608 silly pacote range manifest for debug@^3.1.0 fetched in 53ms
609 silly resolveWithNewModule debug@3.2.7 checking installable status
610 silly pacote range manifest for yallist@^3.0.2 fetched in 1ms
611 silly resolveWithNewModule yallist@3.1.1 checking installable status
612 http fetch GET 200 https://registry.npmjs.org/encoding 49ms
613 http fetch GET 200 https://registry.npmjs.org/json-parse-better-errors 87ms
614 http fetch GET 200 https://registry.npmjs.org/encoding/-/encoding-0.1.13.tgz 51ms
615 silly pacote range manifest for encoding@^0.1.11 fetched in 103ms
616 silly resolveWithNewModule encoding@0.1.13 checking installable status
617 http fetch GET 200 https://registry.npmjs.org/json-parse-better-errors/-/json-parse-better-errors-1.0.2.tgz 47ms
618 silly pacote range manifest for json-parse-better-errors@^1.0.0 fetched in 137ms
619 silly resolveWithNewModule json-parse-better-errors@1.0.2 checking installable status
620 http fetch GET 200 https://registry.npmjs.org/iconv-lite 47ms
621 http fetch GET 200 https://registry.npmjs.org/iconv-lite/-/iconv-lite-0.6.2.tgz 65ms
622 silly pacote range manifest for iconv-lite@^0.6.2 fetched in 116ms
623 silly resolveWithNewModule iconv-lite@0.6.2 checking installable status
624 http fetch GET 200 https://registry.npmjs.org/safer-buffer 46ms
625 http fetch GET 200 https://registry.npmjs.org/safer-buffer/-/safer-buffer-2.1.2.tgz 49ms
626 silly pacote range manifest for safer-buffer@>= 2.1.2 < 3.0.0 fetched in 100ms
627 silly resolveWithNewModule safer-buffer@2.1.2 checking installable status
628 http fetch GET 200 https://registry.npmjs.org/retry 53ms
629 http fetch GET 200 https://registry.npmjs.org/err-code 69ms
630 http fetch GET 200 https://registry.npmjs.org/retry/-/retry-0.10.1.tgz 45ms
631 silly pacote range manifest for retry@^0.10.0 fetched in 102ms
632 silly resolveWithNewModule retry@0.10.1 checking installable status
633 http fetch GET 200 https://registry.npmjs.org/err-code/-/err-code-1.1.2.tgz 46ms
634 silly pacote range manifest for err-code@^1.0.0 fetched in 119ms
635 silly resolveWithNewModule err-code@1.1.2 checking installable status
636 http fetch GET 200 https://registry.npmjs.org/agent-base/-/agent-base-4.2.1.tgz 46ms
637 silly pacote range manifest for agent-base@~4.2.1 fetched in 51ms
638 silly resolveWithNewModule agent-base@4.2.1 checking installable status
639 http fetch GET 200 https://registry.npmjs.org/socks 61ms
640 http fetch GET 200 https://registry.npmjs.org/socks/-/socks-2.3.3.tgz 79ms
641 silly pacote range manifest for socks@~2.3.2 fetched in 147ms
642 silly resolveWithNewModule socks@2.3.3 checking installable status
643 http fetch GET 200 https://registry.npmjs.org/smart-buffer 46ms
644 http fetch GET 200 https://registry.npmjs.org/ip 56ms
645 http fetch GET 200 https://registry.npmjs.org/smart-buffer/-/smart-buffer-4.1.0.tgz 48ms
646 silly pacote range manifest for smart-buffer@^4.1.0 fetched in 98ms
647 silly resolveWithNewModule smart-buffer@4.1.0 checking installable status
648 http fetch GET 200 https://registry.npmjs.org/ip/-/ip-1.1.5.tgz 55ms
649 silly pacote version manifest for ip@1.1.5 fetched in 114ms
650 silly resolveWithNewModule ip@1.1.5 checking installable status
651 silly pacote range manifest for yallist@^3.0.0 fetched in 1ms
652 silly resolveWithNewModule yallist@3.1.1 checking installable status
653 silly pacote range manifest for semver@2 || 3 || 4 || 5 fetched in 4ms
654 silly resolveWithNewModule semver@5.7.1 checking installable status
655 http fetch GET 200 https://registry.npmjs.org/validate-npm-package-license 52ms
656 http fetch GET 200 https://registry.npmjs.org/hosted-git-info/-/hosted-git-info-2.8.8.tgz 65ms
657 silly pacote range manifest for hosted-git-info@^2.1.4 fetched in 69ms
658 silly resolveWithNewModule hosted-git-info@2.8.8 checking installable status
659 http fetch GET 200 https://registry.npmjs.org/validate-npm-package-license/-/validate-npm-package-license-3.0.4.tgz 43ms
660 silly pacote range manifest for validate-npm-package-license@^3.0.1 fetched in 99ms
661 silly resolveWithNewModule validate-npm-package-license@3.0.4 checking installable status
662 http fetch GET 200 https://registry.npmjs.org/path-parse 49ms
663 http fetch GET 200 https://registry.npmjs.org/is-core-module 54ms
664 http fetch GET 200 https://registry.npmjs.org/path-parse/-/path-parse-1.0.6.tgz 50ms
665 silly pacote range manifest for path-parse@^1.0.6 fetched in 104ms
666 silly resolveWithNewModule path-parse@1.0.6 checking installable status
667 http fetch GET 200 https://registry.npmjs.org/is-core-module/-/is-core-module-2.2.0.tgz 56ms
668 silly pacote range manifest for is-core-module@^2.0.0 fetched in 114ms
669 silly resolveWithNewModule is-core-module@2.2.0 checking installable status
670 http fetch GET 200 https://registry.npmjs.org/has 44ms
671 http fetch GET 200 https://registry.npmjs.org/has/-/has-1.0.3.tgz 173ms
672 silly pacote range manifest for has@^1.0.3 fetched in 219ms
673 silly resolveWithNewModule has@1.0.3 checking installable status
674 http fetch GET 200 https://registry.npmjs.org/function-bind 50ms
675 http fetch GET 200 https://registry.npmjs.org/function-bind/-/function-bind-1.1.1.tgz 52ms
676 silly pacote range manifest for function-bind@^1.1.1 fetched in 106ms
677 silly resolveWithNewModule function-bind@1.1.1 checking installable status
678 http fetch GET 200 https://registry.npmjs.org/spdx-correct 65ms
679 http fetch GET 200 https://registry.npmjs.org/spdx-correct/-/spdx-correct-3.1.1.tgz 50ms
680 silly pacote range manifest for spdx-correct@^3.0.0 fetched in 120ms
681 silly resolveWithNewModule spdx-correct@3.1.1 checking installable status
682 http fetch GET 200 https://registry.npmjs.org/spdx-expression-parse 149ms
683 http fetch GET 200 https://registry.npmjs.org/spdx-expression-parse/-/spdx-expression-parse-3.0.1.tgz 50ms
684 silly pacote range manifest for spdx-expression-parse@^3.0.0 fetched in 202ms
685 silly resolveWithNewModule spdx-expression-parse@3.0.1 checking installable status
686 http fetch GET 200 https://registry.npmjs.org/spdx-license-ids 43ms
687 http fetch GET 200 https://registry.npmjs.org/spdx-license-ids/-/spdx-license-ids-3.0.7.tgz 48ms
688 silly pacote range manifest for spdx-license-ids@^3.0.0 fetched in 97ms
689 silly resolveWithNewModule spdx-license-ids@3.0.7 checking installable status
690 http fetch GET 200 https://registry.npmjs.org/spdx-exceptions 46ms
691 http fetch GET 200 https://registry.npmjs.org/spdx-exceptions/-/spdx-exceptions-2.3.0.tgz 47ms
692 silly pacote range manifest for spdx-exceptions@^2.1.0 fetched in 97ms
693 silly resolveWithNewModule spdx-exceptions@2.3.0 checking installable status
694 silly pacote range manifest for hosted-git-info@^2.7.1 fetched in 1ms
695 silly resolveWithNewModule hosted-git-info@2.8.8 checking installable status
696 http fetch GET 200 https://registry.npmjs.org/os-homedir 47ms
697 http fetch GET 200 https://registry.npmjs.org/os-tmpdir 50ms
698 http fetch GET 200 https://registry.npmjs.org/os-homedir/-/os-homedir-1.0.2.tgz 55ms
699 http fetch GET 200 https://registry.npmjs.org/os-tmpdir/-/os-tmpdir-1.0.2.tgz 58ms
700 silly pacote range manifest for os-homedir@^1.0.0 fetched in 111ms
701 silly resolveWithNewModule os-homedir@1.0.2 checking installable status
702 silly pacote range manifest for os-tmpdir@^1.0.0 fetched in 111ms
703 silly resolveWithNewModule os-tmpdir@1.0.2 checking installable status
704 http fetch GET 200 https://registry.npmjs.org/ignore-walk 57ms
705 http fetch GET 200 https://registry.npmjs.org/npm-bundled 60ms
706 http fetch GET 200 https://registry.npmjs.org/ignore-walk/-/ignore-walk-3.0.3.tgz 48ms
707 http fetch GET 200 https://registry.npmjs.org/npm-bundled/-/npm-bundled-1.1.1.tgz 46ms
708 silly pacote range manifest for ignore-walk@^3.0.1 fetched in 111ms
709 silly resolveWithNewModule ignore-walk@3.0.3 checking installable status
710 silly pacote range manifest for npm-bundled@^1.0.1 fetched in 111ms
711 silly resolveWithNewModule npm-bundled@1.1.1 checking installable status
712 silly pacote range manifest for lru-cache@^5.1.1 fetched in 2ms
713 silly resolveWithNewModule lru-cache@5.1.1 checking installable status
714 silly pacote range manifest for npm-package-arg@^6.1.0 fetched in 2ms
715 silly resolveWithNewModule npm-package-arg@6.1.1 checking installable status
716 http fetch GET 200 https://registry.npmjs.org/JSONStream 53ms
717 http fetch GET 200 https://registry.npmjs.org/JSONStream/-/JSONStream-1.3.5.tgz 58ms
718 silly pacote range manifest for JSONStream@^1.3.4 fetched in 115ms
719 silly resolveWithNewModule JSONStream@1.3.5 checking installable status
720 http fetch GET 200 https://registry.npmjs.org/through 50ms
721 http fetch GET 200 https://registry.npmjs.org/jsonparse 57ms
722 http fetch GET 200 https://registry.npmjs.org/jsonparse/-/jsonparse-1.3.1.tgz 50ms
723 http fetch GET 200 https://registry.npmjs.org/through/-/through-2.3.8.tgz 56ms
724 silly pacote range manifest for jsonparse@^1.2.0 fetched in 110ms
725 silly resolveWithNewModule jsonparse@1.3.1 checking installable status
726 silly pacote range manifest for through@>=2.2.7 <3 fetched in 110ms
727 silly resolveWithNewModule through@2.3.8 checking installable status
728 silly pacote range manifest for yallist@^3.0.2 fetched in 0ms
729 silly resolveWithNewModule yallist@3.1.1 checking installable status
730 silly pacote range manifest for hosted-git-info@^2.7.1 fetched in 1ms
731 silly resolveWithNewModule hosted-git-info@2.8.8 checking installable status
732 silly pacote range manifest for semver@^5.6.0 fetched in 2ms
733 silly resolveWithNewModule semver@5.7.1 checking installable status
734 http fetch GET 200 https://registry.npmjs.org/genfun 54ms
735 http fetch GET 200 https://registry.npmjs.org/genfun/-/genfun-5.0.0.tgz 73ms
736 silly pacote range manifest for genfun@^5.0.0 fetched in 131ms
737 silly resolveWithNewModule genfun@5.0.0 checking installable status
738 silly pacote range manifest for yallist@^3.0.3 fetched in 2ms
739 silly resolveWithNewModule yallist@3.1.1 checking installable status
740 http fetch GET 200 https://registry.npmjs.org/fs-minipass 48ms
741 http fetch GET 200 https://registry.npmjs.org/minizlib 59ms
742 http fetch GET 200 https://registry.npmjs.org/fs-minipass/-/fs-minipass-1.2.7.tgz 66ms
743 http fetch GET 200 https://registry.npmjs.org/minizlib/-/minizlib-1.3.3.tgz 59ms
744 silly pacote range manifest for fs-minipass@^1.2.5 fetched in 122ms
745 silly resolveWithNewModule fs-minipass@1.2.7 checking installable status
746 silly pacote range manifest for minizlib@^1.2.1 fetched in 123ms
747 silly resolveWithNewModule minizlib@1.3.3 checking installable status
748 http fetch GET 200 https://registry.npmjs.org/isexe 51ms
749 http fetch GET 200 https://registry.npmjs.org/isexe/-/isexe-2.0.0.tgz 45ms
750 silly pacote range manifest for isexe@^2.0.0 fetched in 101ms
751 silly resolveWithNewModule isexe@2.0.0 checking installable status
752 silly pacote range manifest for semver@^5.0.0 fetched in 1ms
753 silly resolveWithNewModule semver@5.7.1 checking installable status
754 http fetch GET 200 https://registry.npmjs.org/string-width 57ms
755 http fetch GET 200 https://registry.npmjs.org/run-async 64ms
756 http fetch GET 200 https://registry.npmjs.org/cli-width 67ms
757 http fetch GET 200 https://registry.npmjs.org/figures 66ms
758 http fetch GET 200 https://registry.npmjs.org/external-editor 66ms
759 http fetch GET 200 https://registry.npmjs.org/ansi-escapes 72ms
760 http fetch GET 200 https://registry.npmjs.org/lodash 73ms
761 http fetch GET 200 https://registry.npmjs.org/external-editor/-/external-editor-3.1.0.tgz 44ms
762 silly pacote range manifest for external-editor@^3.0.3 fetched in 164ms
763 silly resolveWithNewModule external-editor@3.1.0 checking installable status
764 http fetch GET 200 https://registry.npmjs.org/ansi-escapes/-/ansi-escapes-4.3.1.tgz 96ms
765 http fetch GET 200 https://registry.npmjs.org/run-async/-/run-async-2.4.1.tgz 100ms
766 http fetch GET 200 https://registry.npmjs.org/lodash/-/lodash-4.17.20.tgz 93ms
767 http fetch GET 200 https://registry.npmjs.org/cli-width/-/cli-width-3.0.0.tgz 100ms
768 http fetch GET 200 https://registry.npmjs.org/string-width/-/string-width-4.2.0.tgz 103ms
769 http fetch GET 200 https://registry.npmjs.org/figures/-/figures-3.2.0.tgz 101ms
770 silly pacote range manifest for ansi-escapes@^4.2.1 fetched in 173ms
771 silly resolveWithNewModule ansi-escapes@4.3.1 checking installable status
772 silly pacote range manifest for run-async@^2.4.0 fetched in 173ms
773 silly resolveWithNewModule run-async@2.4.1 checking installable status
774 silly pacote range manifest for lodash@^4.17.19 fetched in 173ms
775 silly resolveWithNewModule lodash@4.17.20 checking installable status
776 silly pacote range manifest for string-width@^4.1.0 fetched in 169ms
777 silly resolveWithNewModule string-width@4.2.0 checking installable status
778 silly pacote range manifest for figures@^3.0.0 fetched in 174ms
779 silly resolveWithNewModule figures@3.2.0 checking installable status
780 silly pacote range manifest for cli-width@^3.0.0 fetched in 176ms
781 silly resolveWithNewModule cli-width@3.0.0 checking installable status
782 http fetch GET 200 https://registry.npmjs.org/type-fest 66ms
783 http fetch GET 200 https://registry.npmjs.org/type-fest/-/type-fest-0.11.0.tgz 52ms
784 silly pacote range manifest for type-fest@^0.11.0 fetched in 132ms
785 silly resolveWithNewModule type-fest@0.11.0 checking installable status
786 http fetch GET 200 https://registry.npmjs.org/chardet 48ms
787 http fetch GET 200 https://registry.npmjs.org/tmp 50ms
788 http fetch GET 200 https://registry.npmjs.org/iconv-lite/-/iconv-lite-0.4.24.tgz 80ms
789 silly pacote range manifest for iconv-lite@^0.4.24 fetched in 83ms
790 silly resolveWithNewModule iconv-lite@0.4.24 checking installable status
791 http fetch GET 200 https://registry.npmjs.org/chardet/-/chardet-0.7.0.tgz 57ms
792 silly pacote range manifest for chardet@^0.7.0 fetched in 110ms
793 silly resolveWithNewModule chardet@0.7.0 checking installable status
794 http fetch GET 200 https://registry.npmjs.org/tmp/-/tmp-0.0.33.tgz 72ms
795 silly pacote range manifest for tmp@^0.0.33 fetched in 126ms
796 silly resolveWithNewModule tmp@0.0.33 checking installable status
797 http fetch GET 200 https://registry.npmjs.org/escape-string-regexp 93ms
798 http fetch GET 200 https://registry.npmjs.org/escape-string-regexp/-/escape-string-regexp-1.0.5.tgz 46ms
799 silly pacote range manifest for escape-string-regexp@^1.0.5 fetched in 142ms
800 silly resolveWithNewModule escape-string-regexp@1.0.5 checking installable status
801 http fetch GET 200 https://registry.npmjs.org/emoji-regex 54ms
802 http fetch GET 200 https://registry.npmjs.org/is-fullwidth-code-point 56ms
803 http fetch GET 200 https://registry.npmjs.org/emoji-regex/-/emoji-regex-8.0.0.tgz 59ms
804 http fetch GET 200 https://registry.npmjs.org/is-fullwidth-code-point/-/is-fullwidth-code-point-3.0.0.tgz 63ms
805 silly pacote range manifest for emoji-regex@^8.0.0 fetched in 125ms
806 silly resolveWithNewModule emoji-regex@8.0.0 checking installable status
807 silly pacote range manifest for is-fullwidth-code-point@^3.0.0 fetched in 127ms
808 silly resolveWithNewModule is-fullwidth-code-point@3.0.0 checking installable status
809 http fetch GET 200 https://registry.npmjs.org/npm-install-checks 46ms
810 http fetch GET 200 https://registry.npmjs.org/npm-install-checks/-/npm-install-checks-4.0.0.tgz 51ms
811 silly pacote range manifest for npm-install-checks@^4.0.0 fetched in 100ms
812 silly resolveWithNewModule npm-install-checks@4.0.0 checking installable status
813 http fetch GET 200 https://registry.npmjs.org/is-docker 48ms
814 http fetch GET 200 https://registry.npmjs.org/is-wsl 54ms
815 http fetch GET 200 https://registry.npmjs.org/is-docker/-/is-docker-2.1.1.tgz 47ms
816 silly pacote range manifest for is-docker@^2.0.0 fetched in 100ms
817 silly resolveWithNewModule is-docker@2.1.1 checking installable status
818 http fetch GET 200 https://registry.npmjs.org/is-wsl/-/is-wsl-2.2.0.tgz 50ms
819 silly pacote range manifest for is-wsl@^2.1.1 fetched in 107ms
820 silly resolveWithNewModule is-wsl@2.2.0 checking installable status
821 http fetch GET 200 https://registry.npmjs.org/uuid/-/uuid-3.4.0.tgz 57ms
822 silly pacote range manifest for uuid@^3.0.0 fetched in 61ms
823 silly resolveWithNewModule uuid@3.4.0 checking installable status
824 http fetch GET 200 https://registry.npmjs.org/request 83ms
825 http fetch GET 200 https://registry.npmjs.org/request/-/request-2.88.2.tgz 69ms
826 silly pacote range manifest for request@^2.88.2 fetched in 159ms
827 warn deprecated request@2.88.2: request has been deprecated, see https://github.com/request/request/issues/3142
828 silly resolveWithNewModule request@2.88.2 checking installable status
829 http fetch GET 200 https://registry.npmjs.org/caseless 64ms
830 http fetch GET 200 https://registry.npmjs.org/http-signature 65ms
831 http fetch GET 200 https://registry.npmjs.org/extend 68ms
832 http fetch GET 200 https://registry.npmjs.org/aws-sign2 69ms
833 http fetch GET 200 https://registry.npmjs.org/combined-stream 68ms
834 http fetch GET 200 https://registry.npmjs.org/form-data 67ms
835 http fetch GET 200 https://registry.npmjs.org/forever-agent 68ms
836 http fetch GET 200 https://registry.npmjs.org/har-validator 68ms
837 http fetch GET 200 https://registry.npmjs.org/is-typedarray 69ms
838 http fetch GET 200 https://registry.npmjs.org/aws4 77ms
839 http fetch GET 200 https://registry.npmjs.org/caseless/-/caseless-0.12.0.tgz 47ms
840 http fetch GET 200 https://registry.npmjs.org/har-validator/-/har-validator-5.1.5.tgz 58ms
841 silly pacote range manifest for caseless@~0.12.0 fetched in 132ms
842 silly resolveWithNewModule caseless@0.12.0 checking installable status
843 http fetch GET 200 https://registry.npmjs.org/extend/-/extend-3.0.2.tgz 61ms
844 http fetch GET 200 https://registry.npmjs.org/http-signature/-/http-signature-1.2.0.tgz 73ms
845 http fetch GET 200 https://registry.npmjs.org/combined-stream/-/combined-stream-1.0.8.tgz 69ms
846 http fetch GET 200 https://registry.npmjs.org/aws-sign2/-/aws-sign2-0.7.0.tgz 72ms
847 http fetch GET 200 https://registry.npmjs.org/aws4/-/aws4-1.11.0.tgz 65ms
848 silly pacote range manifest for har-validator@~5.1.3 fetched in 150ms
849 warn deprecated har-validator@5.1.5: this library is no longer supported
850 silly resolveWithNewModule har-validator@5.1.5 checking installable status
851 silly pacote range manifest for extend@~3.0.2 fetched in 152ms
852 silly resolveWithNewModule extend@3.0.2 checking installable status
853 http fetch GET 200 https://registry.npmjs.org/is-typedarray/-/is-typedarray-1.0.0.tgz 78ms
854 http fetch GET 200 https://registry.npmjs.org/forever-agent/-/forever-agent-0.6.1.tgz 80ms
855 silly pacote range manifest for http-signature@~1.2.0 fetched in 152ms
856 silly resolveWithNewModule http-signature@1.2.0 checking installable status
857 silly pacote range manifest for aws-sign2@~0.7.0 fetched in 156ms
858 silly resolveWithNewModule aws-sign2@0.7.0 checking installable status
859 silly pacote range manifest for aws4@^1.8.0 fetched in 156ms
860 silly resolveWithNewModule aws4@1.11.0 checking installable status
861 http fetch GET 200 https://registry.npmjs.org/form-data/-/form-data-2.3.3.tgz 83ms
862 silly pacote range manifest for combined-stream@~1.0.6 fetched in 157ms
863 silly resolveWithNewModule combined-stream@1.0.8 checking installable status
864 silly pacote range manifest for is-typedarray@~1.0.0 fetched in 159ms
865 silly resolveWithNewModule is-typedarray@1.0.0 checking installable status
866 silly pacote range manifest for forever-agent@~0.6.1 fetched in 161ms
867 silly resolveWithNewModule forever-agent@0.6.1 checking installable status
868 silly pacote range manifest for form-data@~2.3.2 fetched in 162ms
869 silly resolveWithNewModule form-data@2.3.3 checking installable status
870 silly pacote range manifest for uuid@^3.3.2 fetched in 1ms
871 silly resolveWithNewModule uuid@3.4.0 checking installable status
872 http fetch GET 200 https://registry.npmjs.org/isstream 51ms
873 http fetch GET 200 https://registry.npmjs.org/json-stringify-safe 51ms
874 http fetch GET 200 https://registry.npmjs.org/performance-now 50ms
875 http fetch GET 200 https://registry.npmjs.org/mime-types 53ms
876 http fetch GET 200 https://registry.npmjs.org/tunnel-agent 49ms
877 http fetch GET 200 https://registry.npmjs.org/tough-cookie 57ms
878 http fetch GET 200 https://registry.npmjs.org/qs 61ms
879 http fetch GET 200 https://registry.npmjs.org/oauth-sign 64ms
880 http fetch GET 200 https://registry.npmjs.org/isstream/-/isstream-0.1.2.tgz 43ms
881 silly pacote range manifest for isstream@~0.1.2 fetched in 99ms
882 silly resolveWithNewModule isstream@0.1.2 checking installable status
883 http fetch GET 200 https://registry.npmjs.org/json-stringify-safe/-/json-stringify-safe-5.0.1.tgz 45ms
884 silly pacote range manifest for json-stringify-safe@~5.0.1 fetched in 100ms
885 silly resolveWithNewModule json-stringify-safe@5.0.1 checking installable status
886 http fetch GET 200 https://registry.npmjs.org/mime-types/-/mime-types-2.1.27.tgz 54ms
887 http fetch GET 200 https://registry.npmjs.org/tough-cookie/-/tough-cookie-2.5.0.tgz 51ms
888 http fetch GET 200 https://registry.npmjs.org/oauth-sign/-/oauth-sign-0.9.0.tgz 51ms
889 http fetch GET 200 https://registry.npmjs.org/qs/-/qs-6.5.2.tgz 53ms
890 silly pacote range manifest for mime-types@~2.1.19 fetched in 120ms
891 silly resolveWithNewModule mime-types@2.1.27 checking installable status
892 silly pacote range manifest for tough-cookie@~2.5.0 fetched in 117ms
893 silly resolveWithNewModule tough-cookie@2.5.0 checking installable status
894 silly pacote range manifest for oauth-sign@~0.9.0 fetched in 121ms
895 silly resolveWithNewModule oauth-sign@0.9.0 checking installable status
896 http fetch GET 200 https://registry.npmjs.org/performance-now/-/performance-now-2.1.0.tgz 67ms
897 http fetch GET 200 https://registry.npmjs.org/tunnel-agent/-/tunnel-agent-0.6.0.tgz 64ms
898 silly pacote range manifest for qs@~6.5.2 fetched in 121ms
899 silly resolveWithNewModule qs@6.5.2 checking installable status
900 silly pacote range manifest for performance-now@^2.1.0 fetched in 123ms
901 silly resolveWithNewModule performance-now@2.1.0 checking installable status
902 silly pacote range manifest for tunnel-agent@^0.6.0 fetched in 120ms
903 silly resolveWithNewModule tunnel-agent@0.6.0 checking installable status
904 http fetch GET 200 https://registry.npmjs.org/delayed-stream 47ms
905 http fetch GET 200 https://registry.npmjs.org/delayed-stream/-/delayed-stream-1.0.0.tgz 62ms
906 silly pacote range manifest for delayed-stream@~1.0.0 fetched in 112ms
907 silly resolveWithNewModule delayed-stream@1.0.0 checking installable status
908 http fetch GET 200 https://registry.npmjs.org/asynckit 56ms
909 http fetch GET 200 https://registry.npmjs.org/asynckit/-/asynckit-0.4.0.tgz 68ms
910 silly pacote range manifest for asynckit@^0.4.0 fetched in 128ms
911 silly resolveWithNewModule asynckit@0.4.0 checking installable status
912 http fetch GET 200 https://registry.npmjs.org/mime-db 47ms
913 http fetch GET 200 https://registry.npmjs.org/mime-db/-/mime-db-1.44.0.tgz 59ms
914 silly pacote version manifest for mime-db@1.44.0 fetched in 111ms
915 silly resolveWithNewModule mime-db@1.44.0 checking installable status
916 http fetch GET 200 https://registry.npmjs.org/har-schema 44ms
917 http fetch GET 200 https://registry.npmjs.org/har-schema/-/har-schema-2.0.0.tgz 50ms
918 silly pacote range manifest for har-schema@^2.0.0 fetched in 100ms
919 silly resolveWithNewModule har-schema@2.0.0 checking installable status
920 http fetch GET 200 https://registry.npmjs.org/sshpk 51ms
921 http fetch GET 200 https://registry.npmjs.org/jsprim 73ms
922 http fetch GET 200 https://registry.npmjs.org/assert-plus 76ms
923 http fetch GET 200 https://registry.npmjs.org/sshpk/-/sshpk-1.16.1.tgz 61ms
924 silly pacote range manifest for sshpk@^1.7.0 fetched in 116ms
925 silly resolveWithNewModule sshpk@1.16.1 checking installable status
926 http fetch GET 200 https://registry.npmjs.org/assert-plus/-/assert-plus-1.0.0.tgz 43ms
927 silly pacote range manifest for assert-plus@^1.0.0 fetched in 124ms
928 silly resolveWithNewModule assert-plus@1.0.0 checking installable status
929 http fetch GET 200 https://registry.npmjs.org/jsprim/-/jsprim-1.4.1.tgz 48ms
930 silly pacote range manifest for jsprim@^1.2.2 fetched in 126ms
931 silly resolveWithNewModule jsprim@1.4.1 checking installable status
932 http fetch GET 200 https://registry.npmjs.org/extsprintf 47ms
933 http fetch GET 200 https://registry.npmjs.org/json-schema 50ms
934 http fetch GET 200 https://registry.npmjs.org/verror 52ms
935 http fetch GET 200 https://registry.npmjs.org/extsprintf/-/extsprintf-1.3.0.tgz 47ms
936 silly pacote version manifest for extsprintf@1.3.0 fetched in 97ms
937 silly resolveWithNewModule extsprintf@1.3.0 checking installable status
938 http fetch GET 200 https://registry.npmjs.org/json-schema/-/json-schema-0.2.3.tgz 53ms
939 silly pacote version manifest for json-schema@0.2.3 fetched in 104ms
940 silly resolveWithNewModule json-schema@0.2.3 checking installable status
941 http fetch GET 200 https://registry.npmjs.org/verror/-/verror-1.10.0.tgz 63ms
942 silly pacote version manifest for verror@1.10.0 fetched in 120ms
943 silly resolveWithNewModule verror@1.10.0 checking installable status
944 http fetch GET 200 https://registry.npmjs.org/ecc-jsbn 48ms
945 http fetch GET 200 https://registry.npmjs.org/tweetnacl 48ms
946 http fetch GET 200 https://registry.npmjs.org/bcrypt-pbkdf 49ms
947 http fetch GET 200 https://registry.npmjs.org/dashdash 57ms
948 http fetch GET 200 https://registry.npmjs.org/getpass 56ms
949 http fetch GET 200 https://registry.npmjs.org/asn1 61ms
950 http fetch GET 200 https://registry.npmjs.org/jsbn 63ms
951 http fetch GET 200 https://registry.npmjs.org/asn1/-/asn1-0.2.4.tgz 55ms
952 http fetch GET 200 https://registry.npmjs.org/dashdash/-/dashdash-1.14.1.tgz 59ms
953 http fetch GET 200 https://registry.npmjs.org/getpass/-/getpass-0.1.7.tgz 60ms
954 http fetch GET 200 https://registry.npmjs.org/jsbn/-/jsbn-0.1.1.tgz 55ms
955 http fetch GET 200 https://registry.npmjs.org/bcrypt-pbkdf/-/bcrypt-pbkdf-1.0.2.tgz 67ms
956 silly pacote range manifest for asn1@~0.2.3 fetched in 121ms
957 silly resolveWithNewModule asn1@0.2.4 checking installable status
958 silly pacote range manifest for dashdash@^1.12.0 fetched in 122ms
959 silly resolveWithNewModule dashdash@1.14.1 checking installable status
960 silly pacote range manifest for getpass@^0.1.1 fetched in 121ms
961 silly resolveWithNewModule getpass@0.1.7 checking installable status
962 silly pacote range manifest for jsbn@~0.1.0 fetched in 122ms
963 silly resolveWithNewModule jsbn@0.1.1 checking installable status
964 silly pacote range manifest for bcrypt-pbkdf@^1.0.0 fetched in 123ms
965 silly resolveWithNewModule bcrypt-pbkdf@1.0.2 checking installable status
966 http fetch GET 200 https://registry.npmjs.org/ecc-jsbn/-/ecc-jsbn-0.1.2.tgz 93ms
967 silly pacote range manifest for ecc-jsbn@~0.1.1 fetched in 148ms
968 silly resolveWithNewModule ecc-jsbn@0.1.2 checking installable status
969 http fetch GET 200 https://registry.npmjs.org/tweetnacl/-/tweetnacl-0.14.5.tgz 99ms
970 silly pacote range manifest for tweetnacl@~0.14.0 fetched in 151ms
971 silly resolveWithNewModule tweetnacl@0.14.5 checking installable status
972 http fetch GET 200 https://registry.npmjs.org/psl 55ms
973 http fetch GET 200 https://registry.npmjs.org/psl/-/psl-1.8.0.tgz 58ms
974 silly pacote range manifest for psl@^1.1.28 fetched in 118ms
975 silly resolveWithNewModule psl@1.8.0 checking installable status
976 timing stage:loadIdealTree:loadAllDepsIntoIdealTree Completed in 12792ms
977 timing stage:loadIdealTree Completed in 12868ms
978 silly currentTree lib
979 silly idealTree lib
979 silly idealTree  @angular/cli@11.0.2
979 silly idealTree    @angular-devkit/architect@0.1100.2
979 silly idealTree    @angular-devkit/core@11.0.2
979 silly idealTree    @angular-devkit/schematics@11.0.2
979 silly idealTree    @schematics/angular@11.0.2
979 silly idealTree    @schematics/update@0.1100.2
979 silly idealTree    @yarnpkg/lockfile@1.1.0
979 silly idealTree    agent-base@4.3.0
979 silly idealTree    agentkeepalive@3.5.2
979 silly idealTree    ajv@6.12.6
979 silly idealTree    ansi-colors@4.1.1
979 silly idealTree    ansi-escapes@4.3.1
979 silly idealTree    ansi-regex@5.0.0
979 silly idealTree    ansi-styles@4.3.0
979 silly idealTree    aproba@1.2.0
979 silly idealTree    asn1@0.2.4
979 silly idealTree    assert-plus@1.0.0
979 silly idealTree    asynckit@0.4.0
979 silly idealTree    aws-sign2@0.7.0
979 silly idealTree    aws4@1.11.0
979 silly idealTree    balanced-match@1.0.0
979 silly idealTree    bcrypt-pbkdf@1.0.2
979 silly idealTree    bluebird@3.7.2
979 silly idealTree    brace-expansion@1.1.11
979 silly idealTree    buffer-from@1.1.1
979 silly idealTree    builtins@1.0.3
979 silly idealTree    cacache@12.0.4
979 silly idealTree     lru-cache@5.1.1
979 silly idealTree     rimraf@2.7.1
979 silly idealTree     yallist@3.1.1
979 silly idealTree    caseless@0.12.0
979 silly idealTree    chalk@4.1.0
979 silly idealTree    chardet@0.7.0
979 silly idealTree    chownr@1.1.4
979 silly idealTree    cli-cursor@3.1.0
979 silly idealTree    cli-spinners@2.5.0
979 silly idealTree    cli-width@3.0.0
979 silly idealTree    clone@1.0.4
979 silly idealTree    color-convert@2.0.1
979 silly idealTree    color-name@1.1.4
979 silly idealTree    combined-stream@1.0.8
979 silly idealTree    concat-map@0.0.1
979 silly idealTree    concat-stream@1.6.2
979 silly idealTree    copy-concurrently@1.0.5
979 silly idealTree     rimraf@2.7.1
979 silly idealTree    core-util-is@1.0.2
979 silly idealTree    cyclist@1.0.1
979 silly idealTree    dashdash@1.14.1
979 silly idealTree    debug@4.2.0
979 silly idealTree    defaults@1.0.3
979 silly idealTree    delayed-stream@1.0.0
979 silly idealTree    duplexify@3.7.1
979 silly idealTree    ecc-jsbn@0.1.2
979 silly idealTree    emoji-regex@8.0.0
979 silly idealTree    encoding@0.1.13
979 silly idealTree    end-of-stream@1.4.4
979 silly idealTree    err-code@1.1.2
979 silly idealTree    es6-promise@4.2.8
979 silly idealTree    es6-promisify@5.0.0
979 silly idealTree    escape-string-regexp@1.0.5
979 silly idealTree    extend@3.0.2
979 silly idealTree    external-editor@3.1.0
979 silly idealTree     iconv-lite@0.4.24
979 silly idealTree    extsprintf@1.3.0
979 silly idealTree    fast-deep-equal@3.1.3
979 silly idealTree    fast-json-stable-stringify@2.1.0
979 silly idealTree    figgy-pudding@3.5.2
979 silly idealTree    figures@3.2.0
979 silly idealTree    flush-write-stream@1.1.1
979 silly idealTree    forever-agent@0.6.1
979 silly idealTree    form-data@2.3.3
979 silly idealTree    from2@2.3.0
979 silly idealTree    fs-minipass@1.2.7
979 silly idealTree    fs-write-stream-atomic@1.0.10
979 silly idealTree    fs.realpath@1.0.0
979 silly idealTree    function-bind@1.1.1
979 silly idealTree    genfun@5.0.0
979 silly idealTree    get-stream@4.1.0
979 silly idealTree    getpass@0.1.7
979 silly idealTree    glob@7.1.6
979 silly idealTree    graceful-fs@4.2.4
979 silly idealTree    har-schema@2.0.0
979 silly idealTree    har-validator@5.1.5
979 silly idealTree    has-flag@4.0.0
979 silly idealTree    has@1.0.3
979 silly idealTree    hosted-git-info@3.0.7
979 silly idealTree    http-cache-semantics@3.8.1
979 silly idealTree    http-proxy-agent@2.1.0
979 silly idealTree     debug@3.1.0
979 silly idealTree     ms@2.0.0
979 silly idealTree    http-signature@1.2.0
979 silly idealTree    https-proxy-agent@2.2.4
979 silly idealTree     debug@3.2.7
979 silly idealTree    humanize-ms@1.2.1
979 silly idealTree    iconv-lite@0.6.2
979 silly idealTree    iferr@0.1.5
979 silly idealTree    ignore-walk@3.0.3
979 silly idealTree    imurmurhash@0.1.4
979 silly idealTree    infer-owner@1.0.4
979 silly idealTree    inflight@1.0.6
979 silly idealTree    inherits@2.0.4
979 silly idealTree    ini@1.3.5
979 silly idealTree    inquirer@7.3.3
979 silly idealTree    ip@1.1.5
979 silly idealTree    is-core-module@2.2.0
979 silly idealTree    is-docker@2.1.1
979 silly idealTree    is-fullwidth-code-point@3.0.0
979 silly idealTree    is-interactive@1.0.0
979 silly idealTree    is-typedarray@1.0.0
979 silly idealTree    is-wsl@2.2.0
979 silly idealTree    isarray@1.0.0
979 silly idealTree    isexe@2.0.0
979 silly idealTree    isstream@0.1.2
979 silly idealTree    jsbn@0.1.1
979 silly idealTree    json-parse-better-errors@1.0.2
979 silly idealTree    json-schema-traverse@0.4.1
979 silly idealTree    json-schema@0.2.3
979 silly idealTree    json-stringify-safe@5.0.1
979 silly idealTree    jsonc-parser@2.3.1
979 silly idealTree    jsonparse@1.3.1
979 silly idealTree    JSONStream@1.3.5
979 silly idealTree    jsprim@1.4.1
979 silly idealTree    lodash@4.17.20
979 silly idealTree    log-symbols@4.0.0
979 silly idealTree    lru-cache@6.0.0
979 silly idealTree    magic-string@0.25.7
979 silly idealTree    make-fetch-happen@5.0.2
979 silly idealTree     lru-cache@5.1.1
979 silly idealTree     yallist@3.1.1
979 silly idealTree    mime-db@1.44.0
979 silly idealTree    mime-types@2.1.27
979 silly idealTree    mimic-fn@2.1.0
979 silly idealTree    minimatch@3.0.4
979 silly idealTree    minimist@1.2.5
979 silly idealTree    minipass@2.9.0
979 silly idealTree     yallist@3.1.1
979 silly idealTree    minizlib@1.3.3
979 silly idealTree    mississippi@3.0.0
979 silly idealTree    mkdirp@0.5.5
979 silly idealTree    move-concurrently@1.0.1
979 silly idealTree     rimraf@2.7.1
979 silly idealTree    ms@2.1.2
979 silly idealTree    mute-stream@0.0.8
979 silly idealTree    node-fetch-npm@2.0.4
979 silly idealTree    normalize-package-data@2.5.0
979 silly idealTree     hosted-git-info@2.8.8
979 silly idealTree     semver@5.7.1
979 silly idealTree    npm-bundled@1.1.1
979 silly idealTree    npm-install-checks@4.0.0
979 silly idealTree    npm-normalize-package-bin@1.0.1
979 silly idealTree    npm-package-arg@8.1.0
979 silly idealTree    npm-packlist@1.4.8
979 silly idealTree    npm-pick-manifest@6.1.0
979 silly idealTree    npm-registry-fetch@4.0.7
979 silly idealTree     hosted-git-info@2.8.8
979 silly idealTree     lru-cache@5.1.1
979 silly idealTree     npm-package-arg@6.1.1
979 silly idealTree     semver@5.7.1
979 silly idealTree     yallist@3.1.1
979 silly idealTree    oauth-sign@0.9.0
979 silly idealTree    once@1.4.0
979 silly idealTree    onetime@5.1.2
979 silly idealTree    open@7.3.0
979 silly idealTree    ora@5.1.0
979 silly idealTree    os-homedir@1.0.2
979 silly idealTree    os-tmpdir@1.0.2
979 silly idealTree    osenv@0.1.5
979 silly idealTree    pacote@9.5.12
979 silly idealTree     hosted-git-info@2.8.8
979 silly idealTree     lru-cache@5.1.1
979 silly idealTree     npm-package-arg@6.1.1
979 silly idealTree     npm-pick-manifest@3.0.2
979 silly idealTree     rimraf@2.7.1
979 silly idealTree     semver@5.7.1
979 silly idealTree     yallist@3.1.1
979 silly idealTree    parallel-transform@1.2.0
979 silly idealTree    path-is-absolute@1.0.1
979 silly idealTree    path-parse@1.0.6
979 silly idealTree    performance-now@2.1.0
979 silly idealTree    process-nextick-args@2.0.1
979 silly idealTree    promise-inflight@1.0.1
979 silly idealTree    promise-retry@1.1.1
979 silly idealTree    protoduck@5.0.1
979 silly idealTree    psl@1.8.0
979 silly idealTree    pump@3.0.0
979 silly idealTree    pumpify@1.5.1
979 silly idealTree     pump@2.0.1
979 silly idealTree    punycode@2.1.1
979 silly idealTree    qs@6.5.2
979 silly idealTree    readable-stream@2.3.7
979 silly idealTree     safe-buffer@5.1.2
979 silly idealTree    request@2.88.2
979 silly idealTree     uuid@3.4.0
979 silly idealTree    resolve@1.18.1
979 silly idealTree    restore-cursor@3.1.0
979 silly idealTree    retry@0.10.1
979 silly idealTree    rimraf@3.0.2
979 silly idealTree    run-async@2.4.1
979 silly idealTree    run-queue@1.0.3
979 silly idealTree    rxjs@6.6.3
979 silly idealTree    safe-buffer@5.2.1
979 silly idealTree    safer-buffer@2.1.2
979 silly idealTree    semver-intersect@1.4.0
979 silly idealTree     semver@5.7.1
979 silly idealTree    semver@7.3.2
979 silly idealTree    signal-exit@3.0.3
979 silly idealTree    smart-buffer@4.1.0
979 silly idealTree    socks-proxy-agent@4.0.2
979 silly idealTree     agent-base@4.2.1
979 silly idealTree    socks@2.3.3
979 silly idealTree    source-map@0.7.3
979 silly idealTree    sourcemap-codec@1.4.8
979 silly idealTree    spdx-correct@3.1.1
979 silly idealTree    spdx-exceptions@2.3.0
979 silly idealTree    spdx-expression-parse@3.0.1
979 silly idealTree    spdx-license-ids@3.0.7
979 silly idealTree    sshpk@1.16.1
979 silly idealTree    ssri@6.0.1
979 silly idealTree    stream-each@1.2.3
979 silly idealTree    stream-shift@1.0.1
979 silly idealTree    string_decoder@1.1.1
979 silly idealTree     safe-buffer@5.1.2
979 silly idealTree    string-width@4.2.0
979 silly idealTree    strip-ansi@6.0.0
979 silly idealTree    supports-color@7.2.0
979 silly idealTree    symbol-observable@2.0.3
979 silly idealTree    tar@4.4.13
979 silly idealTree     yallist@3.1.1
979 silly idealTree    through@2.3.8
979 silly idealTree    through2@2.0.5
979 silly idealTree    tmp@0.0.33
979 silly idealTree    tough-cookie@2.5.0
979 silly idealTree    tslib@1.14.1
979 silly idealTree    tunnel-agent@0.6.0
979 silly idealTree    tweetnacl@0.14.5
979 silly idealTree    type-fest@0.11.0
979 silly idealTree    typedarray@0.0.6
979 silly idealTree    unique-filename@1.1.1
979 silly idealTree    unique-slug@2.0.2
979 silly idealTree    universal-analytics@0.4.23
979 silly idealTree     uuid@3.4.0
979 silly idealTree    uri-js@4.4.0
979 silly idealTree    util-deprecate@1.0.2
979 silly idealTree    uuid@8.3.1
979 silly idealTree    validate-npm-package-license@3.0.4
979 silly idealTree    validate-npm-package-name@3.0.0
979 silly idealTree    verror@1.10.0
979 silly idealTree    wcwidth@1.0.1
979 silly idealTree    which@1.3.1
979 silly idealTree    wrappy@1.0.2
979 silly idealTree    xtend@4.0.2
979 silly idealTree    y18n@4.0.0
979 silly idealTree    yallist@4.0.0
980 silly install generateActionsToTake
981 warn checkPermissions Missing write access to /usr/lib/node_modules
982 timing stage:rollbackFailedOptional Completed in 0ms
983 timing stage:runTopLevelLifecycles Completed in 13385ms
984 verbose stack Error: EACCES: permission denied, access '/usr/lib/node_modules'
985 verbose cwd /home/user
986 verbose Linux 3.10.0-1127.19.1.el7.x86_64
987 verbose argv "/usr/bin/node" "/usr/bin/npm" "install" "-g" "@angular/cli"
988 verbose node v12.20.0
989 verbose npm  v6.14.8
990 error code EACCES
991 error syscall access
992 error path /usr/lib/node_modules
993 error errno -13
994 error Error: EACCES: permission denied, access '/usr/lib/node_modules'
994 error  [Error: EACCES: permission denied, access '/usr/lib/node_modules'] {
994 error   errno: -13,
994 error   code: 'EACCES',
994 error   syscall: 'access',
994 error   path: '/usr/lib/node_modules'
994 error }
995 error The operation was rejected by your operating system.
995 error It is likely you do not have the permissions to access this file as the current user
995 error
995 error If you believe this might be a permissions issue, please double-check the
995 error permissions of the file and its containing directories, or try running
995 error the command again as root/Administrator.
996 verbose exit [ -13, true ]
